{
  "RSpec": {
    "coverage": {
      "C:/Users/Joshh/Desktop/business_lookup/spec/models/business_spec.rb": [
        1,
        null,
        1,
        2,
        2,
        2,
        null
      ],
      "C:/Users/Joshh/Desktop/business_lookup/spec/rails_helper.rb": [
        null,
        1,
        1,
        1,
        null,
        1,
        1,
        null,
        null,
        null,
        null,
        null,
        null,
        null,
        null,
        null,
        null,
        null,
        null,
        null,
        null,
        null,
        null,
        null,
        null,
        null,
        1,
        1,
        null,
        0,
        0,
        null,
        1,
        null,
        1,
        null,
        null,
        null,
        null,
        1,
        null,
        null,
        null,
        null,
        null,
        null,
        null,
        null,
        null,
        null,
        null,
        null,
        null,
        null,
        1,
        null,
        null,
        1,
        null,
        null,
        null,
        null,
        1,
        1,
        1,
        1,
        null,
        null
      ],
      "C:/Users/Joshh/Desktop/business_lookup/config/environment.rb": [
        null,
        1,
        null,
        null,
        1
      ],
      "C:/Users/Joshh/Desktop/business_lookup/config/application.rb": [
        1,
        null,
        1,
        null,
        1,
        1,
        1,
        1,
        1,
        1,
        1,
        1,
        null,
        null,
        null,
        null,
        null,
        1,
        null,
        1,
        1,
        null,
        1,
        null,
        null,
        null,
        null,
        null,
        null,
        null,
        null,
        null,
        1,
        null,
        null
      ],
      "C:/Users/Joshh/Desktop/business_lookup/config/boot.rb": [
        1,
        null,
        1,
        1
      ],
      "C:/Users/Joshh/Desktop/business_lookup/config/environments/test.rb": [
        1,
        null,
        null,
        null,
        null,
        null,
        null,
        1,
        null,
        null,
        null,
        null,
        1,
        null,
        null,
        1,
        1,
        null,
        null,
        null,
        null,
        1,
        1,
        null,
        null,
        1,
        null,
        null,
        1,
        null,
        null,
        1,
        null,
        1,
        null,
        null,
        null,
        null,
        1,
        null,
        null,
        1,
        null,
        null,
        null,
        null
      ],
      "C:/Users/Joshh/Desktop/business_lookup/config/initializers/application_controller_renderer.rb": [
        null,
        null,
        null,
        null,
        null,
        null,
        null,
        null
      ],
      "C:/Users/Joshh/Desktop/business_lookup/config/initializers/backtrace_silencers.rb": [
        null,
        null,
        null,
        null,
        null,
        null,
        null
      ],
      "C:/Users/Joshh/Desktop/business_lookup/config/initializers/cors.rb": [
        null,
        null,
        null,
        null,
        null,
        null,
        null,
        null,
        null,
        null,
        null,
        null,
        null,
        null,
        null,
        null
      ],
      "C:/Users/Joshh/Desktop/business_lookup/config/initializers/filter_parameter_logging.rb": [
        null,
        null,
        null,
        1
      ],
      "C:/Users/Joshh/Desktop/business_lookup/config/initializers/inflections.rb": [
        null,
        null,
        null,
        null,
        null,
        null,
        null,
        null,
        null,
        null,
        null,
        null,
        null,
        null,
        null,
        null
      ],
      "C:/Users/Joshh/Desktop/business_lookup/config/initializers/mime_types.rb": [
        null,
        null,
        null,
        null
      ],
      "C:/Users/Joshh/Desktop/business_lookup/config/initializers/wrap_parameters.rb": [
        null,
        null,
        null,
        null,
        null,
        null,
        1,
        2,
        null,
        null,
        null,
        null,
        null,
        null
      ],
      "C:/Users/Joshh/Desktop/business_lookup/spec/factories.rb": [
        1,
        null,
        1,
        1,
        1,
        1,
        1,
        null,
        null,
        1,
        61,
        61,
        null,
        1,
        1,
        1,
        null,
        null,
        1,
        0,
        null,
        null,
        null,
        null
      ],
      "C:/Users/Joshh/Desktop/business_lookup/config/routes.rb": [
        1,
        1,
        1,
        null,
        null
      ],
      "C:/Users/Joshh/Desktop/business_lookup/app/models/business.rb": [
        1,
        1,
        null,
        1,
        1,
        1,
        null
      ],
      "C:/Users/Joshh/Desktop/business_lookup/app/models/application_record.rb": [
        1,
        1,
        null
      ],
      "C:/Users/Joshh/Desktop/business_lookup/spec/models/location_spec.rb": [
        1,
        null,
        1,
        2,
        2,
        null
      ],
      "C:/Users/Joshh/Desktop/business_lookup/app/models/location.rb": [
        1,
        1,
        null,
        1,
        1,
        null
      ],
      "C:/Users/Joshh/Desktop/business_lookup/spec/requests/get_businesses_spec.rb": [
        null,
        null,
        null,
        null,
        null,
        null,
        null,
        null,
        null,
        null,
        null,
        null,
        null,
        null,
        null,
        null,
        null,
        null
      ],
      "C:/Users/Joshh/Desktop/business_lookup/spec/requests/get_locations_spec.rb": [
        1,
        null,
        1,
        4,
        null,
        4,
        null,
        1,
        1,
        null,
        null,
        1,
        1,
        null,
        1,
        1,
        null,
        null
      ],
      "C:/Users/Joshh/Desktop/business_lookup/app/controllers/locations_controller.rb": [
        1,
        null,
        1,
        3,
        3,
        null,
        null,
        1,
        0,
        0,
        null,
        null,
        1,
        0,
        0,
        null,
        null,
        1,
        0,
        0,
        0,
        null,
        null,
        null,
        null,
        null,
        null,
        1,
        0,
        0,
        null,
        null,
        null,
        null,
        1,
        1,
        0,
        null,
        1,
        3,
        null,
        null,
        null
      ],
      "C:/Users/Joshh/Desktop/business_lookup/app/controllers/application_controller.rb": [
        1,
        1,
        1,
        0,
        null,
        null
      ],
      "C:/Users/Joshh/Desktop/business_lookup/app/controllers/concerns/response.rb": [
        1,
        1,
        0,
        null,
        null
      ]
    },
    "timestamp": 1566596927
  }
}
